Logfile initialized
[INFO] logfile = C:\Users\theluk\GIT\appcelerator\LayoutEngine\build.log
[DEBUG] C:\Users\theluk\AppData\Roaming\Titanium\mobilesdk\win32\1.8.2\android\builder.py simulator LayoutEngine C:\Program Files (x86)\Android\android-sdk C:\Users\theluk\GIT\appcelerator\LayoutEngine com.layoutEngine 1 HVGA
[INFO] Building LayoutEngine for Android ... one moment
[INFO] Titanium SDK version: 1.8.2 (02/23/12 17:46 59b3a90)
[DEBUG] Waiting for device to be ready ...
[TRACE] adb devices returned 0 devices/emulators
[TRACE] adb devices returned 1 devices/emulators
[TRACE] adb devices returned 1 devices/emulators
[TRACE] adb devices returned 1 devices/emulators
[TRACE] adb devices returned 1 devices/emulators
[TRACE] adb devices returned 1 devices/emulators
[TRACE] adb devices returned 1 devices/emulators
[TRACE] adb devices returned 1 devices/emulators
[TRACE] adb devices returned 1 devices/emulators
[TRACE] adb devices returned 1 devices/emulators
[DEBUG] Device connected... (waited 45 seconds)
[DEBUG] waited 45.247000 seconds on emulator to get ready
[INFO] Waiting for the Android Emulator to become available
[DEBUG] com.layoutEngine installed? True
[INFO] Fastdev server running, deploying in Fastdev mode
[INFO] Copying project resources..
[INFO] Detected tiapp.xml change (or assets deleted), forcing full re-build...
[TRACE] COPYING CREATED FILE: C:\Users\theluk\GIT\appcelerator\LayoutEngine\Resources\android\appicon.png => C:\Users\theluk\GIT\appcelerator\LayoutEngine\build\android\bin\assets\Resources\appicon.png
[TRACE] COPYING CREATED FILE: C:\Users\theluk\GIT\appcelerator\LayoutEngine\Resources\android\default.png => C:\Users\theluk\GIT\appcelerator\LayoutEngine\build\android\bin\assets\Resources\default.png
[TRACE] COPYING CREATED FILE: C:\Users\theluk\GIT\appcelerator\LayoutEngine\Resources\app.js => C:\Users\theluk\GIT\appcelerator\LayoutEngine\build\android\bin\assets\Resources\app.js
[TRACE] COPYING CREATED FILE: C:\Users\theluk\GIT\appcelerator\LayoutEngine\Resources\lib\base.js => C:\Users\theluk\GIT\appcelerator\LayoutEngine\build\android\bin\assets\Resources\lib\base.js
[TRACE] COPYING CREATED FILE: C:\Users\theluk\GIT\appcelerator\LayoutEngine\Resources\lib\underscore.js => C:\Users\theluk\GIT\appcelerator\LayoutEngine\build\android\bin\assets\Resources\lib\underscore.js
[TRACE] COPYING CREATED FILE: C:\Users\theluk\GIT\appcelerator\LayoutEngine\Resources\test\lib\jasmine-titanium.js => C:\Users\theluk\GIT\appcelerator\LayoutEngine\build\android\bin\assets\Resources\test\lib\jasmine-titanium.js
[TRACE] COPYING CREATED FILE: C:\Users\theluk\GIT\appcelerator\LayoutEngine\Resources\test\lib\jasmine.js => C:\Users\theluk\GIT\appcelerator\LayoutEngine\build\android\bin\assets\Resources\test\lib\jasmine.js
[TRACE] COPYING CREATED FILE: C:\Users\theluk\GIT\appcelerator\LayoutEngine\Resources\test\tests.js => C:\Users\theluk\GIT\appcelerator\LayoutEngine\build\android\bin\assets\Resources\test\tests.js
[TRACE] COPYING CREATED FILE: C:\Users\theluk\GIT\appcelerator\LayoutEngine\Resources\test\tests_main.js => C:\Users\theluk\GIT\appcelerator\LayoutEngine\build\android\bin\assets\Resources\test\tests_main.js
[TRACE] COPYING CREATED FILE: C:\Users\theluk\GIT\appcelerator\LayoutEngine\Resources\tools\functions.js => C:\Users\theluk\GIT\appcelerator\LayoutEngine\build\android\bin\assets\Resources\tools\functions.js
[TRACE] COPYING CREATED FILE: C:\Users\theluk\GIT\appcelerator\LayoutEngine\Resources\tools\layout.js => C:\Users\theluk\GIT\appcelerator\LayoutEngine\build\android\bin\assets\Resources\tools\layout.js
[TRACE] COPYING CREATED FILE: C:\Users\theluk\GIT\appcelerator\LayoutEngine\Resources\tools\layoutPropertiesMap.js => C:\Users\theluk\GIT\appcelerator\LayoutEngine\build\android\bin\assets\Resources\tools\layoutPropertiesMap.js
[TRACE] COPYING CREATED FILE: C:\Users\theluk\GIT\appcelerator\LayoutEngine\Resources\tools\loader.js => C:\Users\theluk\GIT\appcelerator\LayoutEngine\build\android\bin\assets\Resources\tools\loader.js
[TRACE] COPYING CREATED FILE: C:\Users\theluk\GIT\appcelerator\LayoutEngine\Resources\tools\Mapper\AppceleratorLayoutPropertiesMapper.exe => C:\Users\theluk\GIT\appcelerator\LayoutEngine\build\android\bin\assets\Resources\tools\Mapper\AppceleratorLayoutPropertiesMapper.exe
[TRACE] COPYING CREATED FILE: C:\Users\theluk\GIT\appcelerator\LayoutEngine\Resources\tools\Mapper\mapsource.txt => C:\Users\theluk\GIT\appcelerator\LayoutEngine\build\android\bin\assets\Resources\tools\Mapper\mapsource.txt
[TRACE] COPYING CREATED FILE: C:\Users\theluk\GIT\appcelerator\LayoutEngine\Resources\tools\Mapper\maptarget.txt => C:\Users\theluk\GIT\appcelerator\LayoutEngine\build\android\bin\assets\Resources\tools\Mapper\maptarget.txt
[TRACE] COPYING CREATED FILE: C:\Users\theluk\GIT\appcelerator\LayoutEngine\Resources\tools\Mapper\readme.txt => C:\Users\theluk\GIT\appcelerator\LayoutEngine\build\android\bin\assets\Resources\tools\Mapper\readme.txt
[TRACE] COPYING CREATED FILE: C:\Users\theluk\GIT\appcelerator\LayoutEngine\Resources\tools\reader\ChildrenReader.js => C:\Users\theluk\GIT\appcelerator\LayoutEngine\build\android\bin\assets\Resources\tools\reader\ChildrenReader.js
[TRACE] COPYING CREATED FILE: C:\Users\theluk\GIT\appcelerator\LayoutEngine\Resources\tools\reader\ComplexTypeReader.js => C:\Users\theluk\GIT\appcelerator\LayoutEngine\build\android\bin\assets\Resources\tools\reader\ComplexTypeReader.js
[TRACE] COPYING CREATED FILE: C:\Users\theluk\GIT\appcelerator\LayoutEngine\Resources\tools\reader\Context.js => C:\Users\theluk\GIT\appcelerator\LayoutEngine\build\android\bin\assets\Resources\tools\reader\Context.js
[TRACE] COPYING CREATED FILE: C:\Users\theluk\GIT\appcelerator\LayoutEngine\Resources\tools\reader\Merger.js => C:\Users\theluk\GIT\appcelerator\LayoutEngine\build\android\bin\assets\Resources\tools\reader\Merger.js
[TRACE] COPYING CREATED FILE: C:\Users\theluk\GIT\appcelerator\LayoutEngine\Resources\tools\reader\PlattformDependencyReader.js => C:\Users\theluk\GIT\appcelerator\LayoutEngine\build\android\bin\assets\Resources\tools\reader\PlattformDependencyReader.js
[TRACE] COPYING CREATED FILE: C:\Users\theluk\GIT\appcelerator\LayoutEngine\Resources\tools\reader\PropertiesReader.js => C:\Users\theluk\GIT\appcelerator\LayoutEngine\build\android\bin\assets\Resources\tools\reader\PropertiesReader.js
[TRACE] COPYING CREATED FILE: C:\Users\theluk\GIT\appcelerator\LayoutEngine\Resources\tools\reader\Reader.js => C:\Users\theluk\GIT\appcelerator\LayoutEngine\build\android\bin\assets\Resources\tools\reader\Reader.js
[TRACE] COPYING CREATED FILE: C:\Users\theluk\GIT\appcelerator\LayoutEngine\Resources\tools\reader\ReaderBase.js => C:\Users\theluk\GIT\appcelerator\LayoutEngine\build\android\bin\assets\Resources\tools\reader\ReaderBase.js
[TRACE] COPYING CREATED FILE: C:\Users\theluk\GIT\appcelerator\LayoutEngine\Resources\tools\reader\ReaderData.js => C:\Users\theluk\GIT\appcelerator\LayoutEngine\build\android\bin\assets\Resources\tools\reader\ReaderData.js
[TRACE] COPYING CREATED FILE: C:\Users\theluk\GIT\appcelerator\LayoutEngine\Resources\tools\reader\ResolveReader.js => C:\Users\theluk\GIT\appcelerator\LayoutEngine\build\android\bin\assets\Resources\tools\reader\ResolveReader.js
[TRACE] COPYING CREATED FILE: C:\Users\theluk\GIT\appcelerator\LayoutEngine\Resources\tools\reader\ViewReader.js => C:\Users\theluk\GIT\appcelerator\LayoutEngine\build\android\bin\assets\Resources\tools\reader\ViewReader.js
[TRACE] COPYING CREATED FILE: C:\Users\theluk\GIT\appcelerator\LayoutEngine\Resources\tools\ui\App.js => C:\Users\theluk\GIT\appcelerator\LayoutEngine\build\android\bin\assets\Resources\tools\ui\App.js
[TRACE] COPYING CREATED FILE: C:\Users\theluk\GIT\appcelerator\LayoutEngine\Resources\tools\ui\ViewWrapper.js => C:\Users\theluk\GIT\appcelerator\LayoutEngine\build\android\bin\assets\Resources\tools\ui\ViewWrapper.js
[TRACE] COPYING CREATED FILE: C:\Users\theluk\GIT\appcelerator\LayoutEngine\Resources\ui\layout.xml => C:\Users\theluk\GIT\appcelerator\LayoutEngine\build\android\bin\assets\Resources\ui\layout.xml
[TRACE] COPYING CREATED FILE: C:\Users\theluk\GIT\appcelerator\LayoutEngine\Resources\ui\layout2.xml => C:\Users\theluk\GIT\appcelerator\LayoutEngine\build\android\bin\assets\Resources\ui\layout2.xml
[TRACE] COPYING CREATED FILE: C:\Users\theluk\GIT\appcelerator\LayoutEngine\Resources\ui\layoutComplexTypeReader.xml => C:\Users\theluk\GIT\appcelerator\LayoutEngine\build\android\bin\assets\Resources\ui\layoutComplexTypeReader.xml
[TRACE] COPYING CREATED FILE: C:\Users\theluk\GIT\appcelerator\LayoutEngine\Resources\ui\layoutDependency.xml => C:\Users\theluk\GIT\appcelerator\LayoutEngine\build\android\bin\assets\Resources\ui\layoutDependency.xml
[TRACE] COPYING CREATED FILE: C:\Users\theluk\GIT\appcelerator\LayoutEngine\Resources\ui\layoutDependency2.xml => C:\Users\theluk\GIT\appcelerator\LayoutEngine\build\android\bin\assets\Resources\ui\layoutDependency2.xml
[TRACE] COPYING CREATED FILE: C:\Users\theluk\GIT\appcelerator\LayoutEngine\Resources\ui\layoutDepTest.xml => C:\Users\theluk\GIT\appcelerator\LayoutEngine\build\android\bin\assets\Resources\ui\layoutDepTest.xml
[TRACE] COPYING CREATED FILE: C:\Users\theluk\GIT\appcelerator\LayoutEngine\Resources\ui\layoutRef.xml => C:\Users\theluk\GIT\appcelerator\LayoutEngine\build\android\bin\assets\Resources\ui\layoutRef.xml
[TRACE] COPYING CREATED FILE: C:\Users\theluk\GIT\appcelerator\LayoutEngine\Resources\ui\layoutResolver_1.xml => C:\Users\theluk\GIT\appcelerator\LayoutEngine\build\android\bin\assets\Resources\ui\layoutResolver_1.xml
[TRACE] COPYING CREATED FILE: C:\Users\theluk\GIT\appcelerator\LayoutEngine\Resources\ui\layoutResolver_2.xml => C:\Users\theluk\GIT\appcelerator\LayoutEngine\build\android\bin\assets\Resources\ui\layoutResolver_2.xml
[TRACE] COPYING CREATED FILE: C:\Users\theluk\GIT\appcelerator\LayoutEngine\Resources\ui\layoutViewReader.xml => C:\Users\theluk\GIT\appcelerator\LayoutEngine\build\android\bin\assets\Resources\ui\layoutViewReader.xml
[TRACE] COPYING CREATED FILE: C:\Users\theluk\GIT\appcelerator\LayoutEngine\Resources\ui\SpeedTest.xml => C:\Users\theluk\GIT\appcelerator\LayoutEngine\build\android\bin\assets\Resources\ui\SpeedTest.xml
[TRACE] COPYING CREATED FILE: C:\Users\theluk\GIT\appcelerator\LayoutEngine\Resources\ui\tabtest.xml => C:\Users\theluk\GIT\appcelerator\LayoutEngine\build\android\bin\assets\Resources\ui\tabtest.xml
[TRACE] COPYING CREATED FILE: C:\Users\theluk\GIT\appcelerator\LayoutEngine\Resources\ui\tabtestForSpeedTest.xml => C:\Users\theluk\GIT\appcelerator\LayoutEngine\build\android\bin\assets\Resources\ui\tabtestForSpeedTest.xml
[TRACE] COPYING CREATED FILE: C:\Users\theluk\GIT\appcelerator\LayoutEngine\Resources\ui\test\innerLayout.xml => C:\Users\theluk\GIT\appcelerator\LayoutEngine\build\android\bin\assets\Resources\ui\test\innerLayout.xml
[TRACE] COPYING CREATED FILE: C:\Users\theluk\GIT\appcelerator\LayoutEngine\Resources\ui\test\jasmine-tests.xml => C:\Users\theluk\GIT\appcelerator\LayoutEngine\build\android\bin\assets\Resources\ui\test\jasmine-tests.xml
[TRACE] COPYING CREATED FILE: C:\Users\theluk\GIT\appcelerator\LayoutEngine\Resources\ui\test\layout.xml => C:\Users\theluk\GIT\appcelerator\LayoutEngine\build\android\bin\assets\Resources\ui\test\layout.xml
[TRACE] COPYING CREATED FILE: C:\Users\theluk\GIT\appcelerator\LayoutEngine\Resources\ui\tiJasmin.js => C:\Users\theluk\GIT\appcelerator\LayoutEngine\build\android\bin\assets\Resources\ui\tiJasmin.js
[TRACE] Generating Java Classes
[DEBUG] Processing Android resource drawables
[TRACE] COPYING FILE: C:\Users\theluk\GIT\appcelerator\LayoutEngine\Resources\android\images\res-long-land-hdpi\default.png => C:\Users\theluk\GIT\appcelerator\LayoutEngine\build\android\res\drawable-long-land-hdpi\default_d44e27d97b.png
[TRACE] COPYING FILE: C:\Users\theluk\GIT\appcelerator\LayoutEngine\Resources\android\images\res-long-land-ldpi\default.png => C:\Users\theluk\GIT\appcelerator\LayoutEngine\build\android\res\drawable-long-land-ldpi\default_d44e27d97b.png
[TRACE] COPYING FILE: C:\Users\theluk\GIT\appcelerator\LayoutEngine\Resources\android\images\res-long-port-hdpi\default.png => C:\Users\theluk\GIT\appcelerator\LayoutEngine\build\android\res\drawable-long-port-hdpi\default_d44e27d97b.png
[TRACE] COPYING FILE: C:\Users\theluk\GIT\appcelerator\LayoutEngine\Resources\android\images\res-long-port-ldpi\default.png => C:\Users\theluk\GIT\appcelerator\LayoutEngine\build\android\res\drawable-long-port-ldpi\default_d44e27d97b.png
[TRACE] COPYING FILE: C:\Users\theluk\GIT\appcelerator\LayoutEngine\Resources\android\images\res-notlong-land-hdpi\default.png => C:\Users\theluk\GIT\appcelerator\LayoutEngine\build\android\res\drawable-notlong-land-hdpi\default_d44e27d97b.png
[TRACE] COPYING FILE: C:\Users\theluk\GIT\appcelerator\LayoutEngine\Resources\android\images\res-notlong-land-ldpi\default.png => C:\Users\theluk\GIT\appcelerator\LayoutEngine\build\android\res\drawable-notlong-land-ldpi\default_d44e27d97b.png
[TRACE] COPYING FILE: C:\Users\theluk\GIT\appcelerator\LayoutEngine\Resources\android\images\res-notlong-land-mdpi\default.png => C:\Users\theluk\GIT\appcelerator\LayoutEngine\build\android\res\drawable-notlong-land-mdpi\default_d44e27d97b.png
[TRACE] COPYING FILE: C:\Users\theluk\GIT\appcelerator\LayoutEngine\Resources\android\images\res-notlong-port-hdpi\default.png => C:\Users\theluk\GIT\appcelerator\LayoutEngine\build\android\res\drawable-notlong-port-hdpi\default_d44e27d97b.png
[TRACE] COPYING FILE: C:\Users\theluk\GIT\appcelerator\LayoutEngine\Resources\android\images\res-notlong-port-ldpi\default.png => C:\Users\theluk\GIT\appcelerator\LayoutEngine\build\android\res\drawable-notlong-port-ldpi\default_d44e27d97b.png
[TRACE] COPYING FILE: C:\Users\theluk\GIT\appcelerator\LayoutEngine\Resources\android\images\res-notlong-port-mdpi\default.png => C:\Users\theluk\GIT\appcelerator\LayoutEngine\build\android\res\drawable-notlong-port-mdpi\default_d44e27d97b.png
[DEBUG] app stylesheet => C:\Users\theluk\GIT\appcelerator\LayoutEngine\build\android\gen\com\layoutEngine\ApplicationStylesheet.java
[DEBUG] copying app icon: C:\Users\theluk\GIT\appcelerator\LayoutEngine\build\android\bin\assets\Resources\appicon.png
[DEBUG] generating theme.xml
[DEBUG] found drawable-long-land-hdpi splash screen at C:\Users\theluk\GIT\appcelerator\LayoutEngine\Resources\android\images\res-long-land-hdpi\default.png
[DEBUG] copying C:\Users\theluk\GIT\appcelerator\LayoutEngine\Resources\android\images\res-long-land-hdpi\default.png splash screen to C:\Users\theluk\GIT\appcelerator\LayoutEngine\build\android\res\drawable-long-land-hdpi\background.png
[DEBUG] found drawable-long-land-ldpi splash screen at C:\Users\theluk\GIT\appcelerator\LayoutEngine\Resources\android\images\res-long-land-ldpi\default.png
[DEBUG] copying C:\Users\theluk\GIT\appcelerator\LayoutEngine\Resources\android\images\res-long-land-ldpi\default.png splash screen to C:\Users\theluk\GIT\appcelerator\LayoutEngine\build\android\res\drawable-long-land-ldpi\background.png
[DEBUG] found drawable-long-port-hdpi splash screen at C:\Users\theluk\GIT\appcelerator\LayoutEngine\Resources\android\images\res-long-port-hdpi\default.png
[DEBUG] copying C:\Users\theluk\GIT\appcelerator\LayoutEngine\Resources\android\images\res-long-port-hdpi\default.png splash screen to C:\Users\theluk\GIT\appcelerator\LayoutEngine\build\android\res\drawable-long-port-hdpi\background.png
[DEBUG] found drawable-long-port-ldpi splash screen at C:\Users\theluk\GIT\appcelerator\LayoutEngine\Resources\android\images\res-long-port-ldpi\default.png
[DEBUG] copying C:\Users\theluk\GIT\appcelerator\LayoutEngine\Resources\android\images\res-long-port-ldpi\default.png splash screen to C:\Users\theluk\GIT\appcelerator\LayoutEngine\build\android\res\drawable-long-port-ldpi\background.png
[DEBUG] found drawable-notlong-land-hdpi splash screen at C:\Users\theluk\GIT\appcelerator\LayoutEngine\Resources\android\images\res-notlong-land-hdpi\default.png
[DEBUG] copying C:\Users\theluk\GIT\appcelerator\LayoutEngine\Resources\android\images\res-notlong-land-hdpi\default.png splash screen to C:\Users\theluk\GIT\appcelerator\LayoutEngine\build\android\res\drawable-notlong-land-hdpi\background.png
[DEBUG] found drawable-notlong-land-ldpi splash screen at C:\Users\theluk\GIT\appcelerator\LayoutEngine\Resources\android\images\res-notlong-land-ldpi\default.png
[DEBUG] copying C:\Users\theluk\GIT\appcelerator\LayoutEngine\Resources\android\images\res-notlong-land-ldpi\default.png splash screen to C:\Users\theluk\GIT\appcelerator\LayoutEngine\build\android\res\drawable-notlong-land-ldpi\background.png
[DEBUG] found drawable-notlong-land-mdpi splash screen at C:\Users\theluk\GIT\appcelerator\LayoutEngine\Resources\android\images\res-notlong-land-mdpi\default.png
[DEBUG] copying C:\Users\theluk\GIT\appcelerator\LayoutEngine\Resources\android\images\res-notlong-land-mdpi\default.png splash screen to C:\Users\theluk\GIT\appcelerator\LayoutEngine\build\android\res\drawable-notlong-land-mdpi\background.png
[DEBUG] found drawable-notlong-port-hdpi splash screen at C:\Users\theluk\GIT\appcelerator\LayoutEngine\Resources\android\images\res-notlong-port-hdpi\default.png
[DEBUG] copying C:\Users\theluk\GIT\appcelerator\LayoutEngine\Resources\android\images\res-notlong-port-hdpi\default.png splash screen to C:\Users\theluk\GIT\appcelerator\LayoutEngine\build\android\res\drawable-notlong-port-hdpi\background.png
[DEBUG] found drawable-notlong-port-ldpi splash screen at C:\Users\theluk\GIT\appcelerator\LayoutEngine\Resources\android\images\res-notlong-port-ldpi\default.png
[DEBUG] copying C:\Users\theluk\GIT\appcelerator\LayoutEngine\Resources\android\images\res-notlong-port-ldpi\default.png splash screen to C:\Users\theluk\GIT\appcelerator\LayoutEngine\build\android\res\drawable-notlong-port-ldpi\background.png
[DEBUG] found drawable-notlong-port-mdpi splash screen at C:\Users\theluk\GIT\appcelerator\LayoutEngine\Resources\android\images\res-notlong-port-mdpi\default.png
[DEBUG] copying C:\Users\theluk\GIT\appcelerator\LayoutEngine\Resources\android\images\res-notlong-port-mdpi\default.png splash screen to C:\Users\theluk\GIT\appcelerator\LayoutEngine\build\android\res\drawable-notlong-port-mdpi\background.png
[DEBUG] found splash screen at C:\Users\theluk\GIT\appcelerator\LayoutEngine\build\android\bin\assets\Resources\default.png
[TRACE] Writing out AndroidManifest.xml
[DEBUG] adding C:\Users\theluk\GIT\appcelerator\LayoutEngine\build\android\gen\com\layoutEngine\ApplicationStylesheet.java to javac build list
[DEBUG] adding C:\Users\theluk\GIT\appcelerator\LayoutEngine\build\android\gen\com\layoutEngine\LayoutengineActivity.java to javac build list
[DEBUG] adding C:\Users\theluk\GIT\appcelerator\LayoutEngine\build\android\gen\com\layoutEngine\LayoutengineAppInfo.java to javac build list
[DEBUG] adding C:\Users\theluk\GIT\appcelerator\LayoutEngine\build\android\gen\com\layoutEngine\LayoutengineApplication.java to javac build list
[DEBUG] adding C:\Users\theluk\GIT\appcelerator\LayoutEngine\build\android\gen\com\layoutEngine\R.java to javac build list
[DEBUG] Building Java Sources: "C:\\Users\\theluk\\GIT\\appcelerator\\LayoutEngine\\build\\android\\gen\\com\\layoutEngine\\ApplicationStylesheet.java" "C:\\Users\\theluk\\GIT\\appcelerator\\LayoutEngine\\build\\android\\gen\\com\\layoutEngine\\LayoutengineActivity.java" "C:\\Users\\theluk\\GIT\\appcelerator\\LayoutEngine\\build\\android\\gen\\com\\layoutEngine\\LayoutengineAppInfo.java" "C:\\Users\\theluk\\GIT\\appcelerator\\LayoutEngine\\build\\android\\gen\\com\\layoutEngine\\LayoutengineApplication.java" "C:\\Users\\theluk\\GIT\\appcelerator\\LayoutEngine\\build\\android\\gen\\com\\layoutEngine\\R.java"
[INFO] Waiting for SDCard to become available..
[INFO] Compiling Android Resources... This could take some time
[DEBUG] Android classes.dex built
[DEBUG] creating unsigned apk: C:\Users\theluk\GIT\appcelerator\LayoutEngine\build\android\bin\app-unsigned.apk
[DEBUG] from resource zip => assets/Resources/lib/base.js
[DEBUG] from resource zip => assets/Resources/lib/underscore.js
[DEBUG] from resource zip => assets/Resources/test/lib/jasmine-titanium.js
[DEBUG] from resource zip => assets/Resources/test/lib/jasmine.js
[DEBUG] from resource zip => assets/Resources/test/tests.js
[DEBUG] from resource zip => assets/Resources/test/tests_main.js
[DEBUG] from resource zip => assets/Resources/tools/Mapper/AppceleratorLayoutPropertiesMapper.exe
[DEBUG] from resource zip => assets/Resources/tools/Mapper/mapsource.txt
[DEBUG] from resource zip => assets/Resources/tools/Mapper/maptarget.txt
[DEBUG] from resource zip => assets/Resources/tools/Mapper/readme.txt
[DEBUG] from resource zip => assets/Resources/tools/reader/ChildrenReader.js
[DEBUG] from resource zip => assets/Resources/tools/reader/ComplexTypeReader.js
[DEBUG] from resource zip => assets/Resources/tools/reader/Context.js
[DEBUG] from resource zip => assets/Resources/tools/reader/Merger.js
[DEBUG] from resource zip => assets/Resources/tools/reader/PlattformDependencyReader.js
[DEBUG] from resource zip => assets/Resources/tools/reader/PropertiesReader.js
[DEBUG] from resource zip => assets/Resources/tools/reader/Reader.js
[DEBUG] from resource zip => assets/Resources/tools/reader/ReaderBase.js
[DEBUG] from resource zip => assets/Resources/tools/reader/ReaderData.js
[DEBUG] from resource zip => assets/Resources/tools/reader/ResolveReader.js
[DEBUG] from resource zip => assets/Resources/tools/reader/ViewReader.js
[DEBUG] from resource zip => assets/Resources/tools/ui/App.js
[DEBUG] from resource zip => assets/Resources/tools/ui/ViewWrapper.js
[DEBUG] from resource zip => assets/Resources/tools/functions.js
[DEBUG] from resource zip => assets/Resources/tools/layout.js
[DEBUG] from resource zip => assets/Resources/tools/layoutPropertiesMap.js
[DEBUG] from resource zip => assets/Resources/tools/loader.js
[DEBUG] from resource zip => assets/Resources/ui/test/innerLayout.xml
[DEBUG] from resource zip => assets/Resources/ui/test/jasmine-tests.xml
[DEBUG] from resource zip => assets/Resources/ui/test/layout.xml
[DEBUG] from resource zip => assets/Resources/ui/SpeedTest.xml
[DEBUG] from resource zip => assets/Resources/ui/layout.xml
[DEBUG] from resource zip => assets/Resources/ui/layout2.xml
[DEBUG] from resource zip => assets/Resources/ui/layoutComplexTypeReader.xml
[DEBUG] from resource zip => assets/Resources/ui/layoutDepTest.xml
[DEBUG] from resource zip => assets/Resources/ui/layoutDependency.xml
[DEBUG] from resource zip => assets/Resources/ui/layoutDependency2.xml
[DEBUG] from resource zip => assets/Resources/ui/layoutRef.xml
[DEBUG] from resource zip => assets/Resources/ui/layoutResolver_1.xml
[DEBUG] from resource zip => assets/Resources/ui/layoutResolver_2.xml
[DEBUG] from resource zip => assets/Resources/ui/layoutViewReader.xml
[DEBUG] from resource zip => assets/Resources/ui/tabtest.xml
[DEBUG] from resource zip => assets/Resources/ui/tabtestForSpeedTest.xml
[DEBUG] from resource zip => assets/Resources/ui/tiJasmin.js
[DEBUG] from resource zip => assets/Resources/app.js
[DEBUG] from resource zip => assets/Resources/appicon.png
[DEBUG] from resource zip => assets/Resources/default.png
[DEBUG] from resource zip => assets/app.json
[DEBUG] from resource zip => assets/index.json
[DEBUG] from resource zip => assets/tiapp.xml
[DEBUG] from resource zip => res/drawable/appicon.png
[DEBUG] from resource zip => res/drawable/background.png
[DEBUG] from resource zip => res/drawable/close.png
[DEBUG] from resource zip => res/drawable/facebook_login.png
[DEBUG] from resource zip => res/drawable/facebook_login_down.png
[DEBUG] from resource zip => res/drawable/facebook_login_wide.png
[DEBUG] from resource zip => res/drawable/facebook_login_wide_down.png
[DEBUG] from resource zip => res/drawable/facebook_logout.png
[DEBUG] from resource zip => res/drawable/facebook_logout_down.png
[DEBUG] from resource zip => res/layout/titanium_tabgroup.xml
[DEBUG] from resource zip => AndroidManifest.xml
[DEBUG] from resource zip => resources.arsc
[DEBUG] from resource zip => res/drawable-hdpi/close.png
[DEBUG] from resource zip => res/drawable-ldpi/close.png
[DEBUG] from resource zip => res/drawable-long-land-hdpi/background.png
[DEBUG] from resource zip => res/drawable-long-land-hdpi/default_d44e27d97b.png
[DEBUG] from resource zip => res/drawable-long-land-ldpi/background.png
[DEBUG] from resource zip => res/drawable-long-land-ldpi/default_d44e27d97b.png
[DEBUG] from resource zip => res/drawable-long-port-hdpi/background.png
[DEBUG] from resource zip => res/drawable-long-port-hdpi/default_d44e27d97b.png
[DEBUG] from resource zip => res/drawable-long-port-ldpi/background.png
[DEBUG] from resource zip => res/drawable-long-port-ldpi/default_d44e27d97b.png
[DEBUG] from resource zip => res/drawable-notlong-land-hdpi/background.png
[DEBUG] from resource zip => res/drawable-notlong-land-hdpi/default_d44e27d97b.png
[DEBUG] from resource zip => res/drawable-notlong-land-ldpi/background.png
[DEBUG] from resource zip => res/drawable-notlong-land-ldpi/default_d44e27d97b.png
[DEBUG] from resource zip => res/drawable-notlong-land-mdpi/background.png
[DEBUG] from resource zip => res/drawable-notlong-land-mdpi/default_d44e27d97b.png
[DEBUG] from resource zip => res/drawable-notlong-port-hdpi/background.png
[DEBUG] from resource zip => res/drawable-notlong-port-hdpi/default_d44e27d97b.png
[DEBUG] from resource zip => res/drawable-notlong-port-ldpi/background.png
[DEBUG] from resource zip => res/drawable-notlong-port-ldpi/default_d44e27d97b.png
[DEBUG] from resource zip => res/drawable-notlong-port-mdpi/background.png
[DEBUG] from resource zip => res/drawable-notlong-port-mdpi/default_d44e27d97b.png
[DEBUG] from JAR C:\Users\theluk\AppData\Roaming\Titanium\mobilesdk\win32\1.8.2\android\modules\titanium-facebook.jar => ti/modules/titanium/facebook/LICENSE
[DEBUG] from JAR C:\Users\theluk\AppData\Roaming\Titanium\mobilesdk\win32\1.8.2\android\thirdparty.jar => org/apache/Commons-NOTICE.txt
[DEBUG] from JAR C:\Users\theluk\AppData\Roaming\Titanium\mobilesdk\win32\1.8.2\android\thirdparty.jar => org/apache/HttpComponents-NOTICE.txt
[DEBUG] from JAR C:\Users\theluk\AppData\Roaming\Titanium\mobilesdk\win32\1.8.2\android\thirdparty.jar => org/apache/mime4j-NOTICE.txt
[DEBUG] from JAR C:\Users\theluk\AppData\Roaming\Titanium\mobilesdk\win32\1.8.2\android\titanium.jar => org/appcelerator/titanium/build.properties
[DEBUG] from JAR C:\Users\theluk\AppData\Roaming\Titanium\mobilesdk\win32\1.8.2\android\titanium.jar => org/appcelerator/titanium/res/drawable/background.png
[DEBUG] from JAR C:\Users\theluk\AppData\Roaming\Titanium\mobilesdk\win32\1.8.2\android\titanium.jar => org/appcelerator/titanium/res/drawable/btn_check_buttonless_on.png
[DEBUG] from JAR C:\Users\theluk\AppData\Roaming\Titanium\mobilesdk\win32\1.8.2\android\titanium.jar => org/appcelerator/titanium/res/drawable/btn_check_buttonless_on_18.png
[DEBUG] from JAR C:\Users\theluk\AppData\Roaming\Titanium\mobilesdk\win32\1.8.2\android\titanium.jar => org/appcelerator/titanium/res/drawable/btn_check_buttonless_on_48.png
[DEBUG] from JAR C:\Users\theluk\AppData\Roaming\Titanium\mobilesdk\win32\1.8.2\android\titanium.jar => org/appcelerator/titanium/res/drawable/btn_more.png
[DEBUG] from JAR C:\Users\theluk\AppData\Roaming\Titanium\mobilesdk\win32\1.8.2\android\titanium.jar => org/appcelerator/titanium/res/drawable/btn_more_18.png
[DEBUG] from JAR C:\Users\theluk\AppData\Roaming\Titanium\mobilesdk\win32\1.8.2\android\titanium.jar => org/appcelerator/titanium/res/drawable/btn_more_48.png
[DEBUG] from JAR C:\Users\theluk\AppData\Roaming\Titanium\mobilesdk\win32\1.8.2\android\titanium.jar => org/appcelerator/titanium/res/drawable/btn_picker_normal.9.png
[DEBUG] from JAR C:\Users\theluk\AppData\Roaming\Titanium\mobilesdk\win32\1.8.2\android\titanium.jar => org/appcelerator/titanium/res/drawable/btn_picker_pressed.9.png
[DEBUG] from JAR C:\Users\theluk\AppData\Roaming\Titanium\mobilesdk\win32\1.8.2\android\titanium.jar => org/appcelerator/titanium/res/drawable/btn_picker_selected.9.png
[DEBUG] from JAR C:\Users\theluk\AppData\Roaming\Titanium\mobilesdk\win32\1.8.2\android\titanium.jar => org/appcelerator/titanium/res/drawable/default_icon.png
[DEBUG] from JAR C:\Users\theluk\AppData\Roaming\Titanium\mobilesdk\win32\1.8.2\android\titanium.jar => org/appcelerator/titanium/res/drawable/photoDefault.png
[DEBUG] from JAR C:\Users\theluk\AppData\Roaming\Titanium\mobilesdk\win32\1.8.2\android\modules\titanium-ui.jar => ti/modules/titanium/ui/widget/webview/binding.js
[DEBUG] from JAR C:\Users\theluk\AppData\Roaming\Titanium\mobilesdk\win32\1.8.2\android\modules\titanium-ui.jar => ti/modules/titanium/ui/widget/webview/binding.min.js
[DEBUG] from JAR C:\Users\theluk\AppData\Roaming\Titanium\mobilesdk\win32\1.8.2\android\modules\titanium-ui.jar => ti/modules/titanium/ui/widget/webview/json2.js
[DEBUG] installing native SDK libs
[DEBUG] Waiting for device to be ready ...
[TRACE] adb devices returned 1 devices/emulators
[DEBUG] Device connected... (waited 0 seconds)
[DEBUG] waited 0.021000 seconds on emulator to get ready
[INFO] Installing application on emulator
[INFO] Launching application ... LayoutEngine
[TRACE] Launch output: Starting: Intent { act=android.intent.action.MAIN cat=[android.intent.category.LAUNCHER] cmp=com.layoutEngine/.LayoutengineActivity }

[INFO] Deployed LayoutEngine ... Application should be running.
